<?xml version="1.0" encoding="UTF-8"?>
<!-- Generated by org.testng.reporters.JUnitXMLReporter -->
<testsuite ignored="16" hostname="JAMOCHA30" failures="0" tests="17" name="Test" time="329.537" errors="0" timestamp="2024-01-22T10:14:05 IST">
  <testcase classname="test.UserDomain.UserDomainAddFunction" name="addNewFunction" time="87.963"/>
  <testcase classname="test.UserDomain.UserDomainModify" name="modifyFunction" time="23.912"/>
  <testcase classname="test.UserDomain.UserDomainDeleteFunction" name="deleteNewFunction" time="13.086"/>
  <testcase classname="test.UserDomain.UserDomainSortingFuncton" name="sortingFunction" time="13.598"/>
  <testcase classname="test.UserDomain.UserDomainExcelValidation" name="excelValidation" time="11.303"/>
  <testcase classname="test.UserDomain.UserDomainPDFValidation" name="pdf" time="11.383"/>
  <testcase classname="test.DataAggregation.DataAggregationForModificationOnSettingsTab" name="modificationOnSettingsTab" time="17.709"/>
  <testcase classname="test.DataAggregation.DataAggregationForModificationOnSettingsTabForClearButton" name="modificationOnSettingsTabForClearButton" time="13.961"/>
  <testcase classname="test.WorkProfile.WorkProfileForAddingNew" name="AddingNewWorkProfiles" time="14.946"/>
  <testcase classname="test.WorkProfile.WorkProfileForModification" name="modificationOnWorkProfiles" time="10.21"/>
  <testcase classname="test.WorkProfile.WorkProfilesDeleteWithDependency" name="cloneOnWorkProfiles" time="12.519"/>
  <testcase classname="test.WorkProfile.WorkProfilesExcelValidation" name="cloneOnWorkProfiles" time="16.831"/>
  <testcase classname="test.WorkProfile.WorkProfilesForClone" name="cloneOnWorkProfiles" time="8.001"/>
  <testcase classname="test.WorkProfile.WorkProfileValidateWithTeams" name="cloneOnWorkProfiles" time="14.274"/>
  <testcase classname="test.DataAggregation.DataAggregation" name="aggregationForSingleType" time="25.124"/>
  <testcase classname="test.DataAggregation.DataAggregationForAllType" name="alltypeValidation" time="24.069"/>
  <testcase classname="test.WorkProfile.WorkProfileForDelete" name="deletionOnWorkProfiles" time="10.515"/>
  <testcase classname="test.BaseTest" name="@AfterTest teardown" time="0.0">
    <ignored/>
  </testcase> <!-- @AfterTest teardown -->
  <testcase classname="test.BaseTest" name="@AfterTest teardown" time="0.0">
    <ignored/>
  </testcase> <!-- @AfterTest teardown -->
  <testcase classname="test.BaseTest" name="@AfterTest teardown" time="0.0">
    <ignored/>
  </testcase> <!-- @AfterTest teardown -->
  <testcase classname="test.BaseTest" name="@AfterTest teardown" time="0.0">
    <ignored/>
  </testcase> <!-- @AfterTest teardown -->
  <testcase classname="test.BaseTest" name="@AfterTest teardown" time="0.0">
    <ignored/>
  </testcase> <!-- @AfterTest teardown -->
  <testcase classname="test.BaseTest" name="@AfterTest teardown" time="0.0">
    <ignored/>
  </testcase> <!-- @AfterTest teardown -->
  <testcase classname="test.BaseTest" name="@AfterTest teardown" time="0.0">
    <ignored/>
  </testcase> <!-- @AfterTest teardown -->
  <testcase classname="test.BaseTest" name="@AfterTest teardown" time="0.0">
    <ignored/>
  </testcase> <!-- @AfterTest teardown -->
  <testcase classname="test.BaseTest" name="@AfterTest teardown" time="0.0">
    <ignored/>
  </testcase> <!-- @AfterTest teardown -->
  <testcase classname="test.BaseTest" name="@AfterTest teardown" time="0.0">
    <ignored/>
  </testcase> <!-- @AfterTest teardown -->
  <testcase classname="test.BaseTest" name="@AfterTest teardown" time="0.0">
    <ignored/>
  </testcase> <!-- @AfterTest teardown -->
  <testcase classname="test.BaseTest" name="@AfterTest teardown" time="0.0">
    <ignored/>
  </testcase> <!-- @AfterTest teardown -->
  <testcase classname="test.BaseTest" name="@AfterTest teardown" time="0.0">
    <ignored/>
  </testcase> <!-- @AfterTest teardown -->
  <testcase classname="test.BaseTest" name="@AfterTest teardown" time="0.0">
    <ignored/>
  </testcase> <!-- @AfterTest teardown -->
  <testcase classname="test.BaseTest" name="@AfterTest teardown" time="0.0">
    <ignored/>
  </testcase> <!-- @AfterTest teardown -->
  <testcase classname="test.BaseTest" name="@AfterTest teardown" time="0.0">
    <ignored/>
  </testcase> <!-- @AfterTest teardown -->
</testsuite> <!-- Test -->
