<?xml version="1.0" encoding="UTF-8"?>
<!-- Generated by org.testng.reporters.JUnitXMLReporter -->
<testsuite ignored="16" hostname="JAMOCHA30" failures="0" tests="17" name="Test" time="264.947" errors="0" timestamp="2024-01-09T13:41:36 IST">
  <testcase classname="test.UserDomain.UserDomainAddFunction" name="addNewFunction" time="62.841"/>
  <testcase classname="test.UserDomain.UserDomainModify" name="modifyFunction" time="13.218"/>
  <testcase classname="test.UserDomain.UserDomainDeleteFunction" name="deleteNewFunction" time="12.374"/>
  <testcase classname="test.UserDomain.UserDomainSortingFuncton" name="sortingFunction" time="13.554"/>
  <testcase classname="test.UserDomain.UserDomainExcelValidation" name="excelValidation" time="11.877"/>
  <testcase classname="test.UserDomain.UserDomainPDFValidation" name="pdf" time="12.366"/>
  <testcase classname="test.DataAggregation.DataAggregationForModificationOnSettingsTab" name="modificationOnSettingsTab" time="10.053"/>
  <testcase classname="test.DataAggregation.DataAggregationForModificationOnSettingsTabForClearButton" name="modificationOnSettingsTabForClearButton" time="5.379"/>
  <testcase classname="test.WorkProfile.WorkProfileForAddingNew" name="AddingNewWorkProfiles" time="11.151"/>
  <testcase classname="test.WorkProfile.WorkProfileForModification" name="modificationOnWorkProfiles" time="8.427"/>
  <testcase classname="test.WorkProfile.WorkProfilesDeleteWithDependency" name="cloneOnWorkProfiles" time="11.216"/>
  <testcase classname="test.WorkProfile.WorkProfilesExcelValidation" name="cloneOnWorkProfiles" time="15.657"/>
  <testcase classname="test.WorkProfile.WorkProfilesForClone" name="cloneOnWorkProfiles" time="8.105"/>
  <testcase classname="test.WorkProfile.WorkProfileValidateWithTeams" name="cloneOnWorkProfiles" time="13.926"/>
  <testcase classname="test.DataAggregation.DataAggregation" name="aggregationForSingleType" time="24.203"/>
  <testcase classname="test.DataAggregation.DataAggregationForAllType" name="alltypeValidation" time="18.377"/>
  <testcase classname="test.WorkProfile.WorkProfileForDelete" name="deletionOnWorkProfiles" time="10.467"/>
  <testcase classname="test.BaseTest" name="@AfterTest teardown" time="0.0">
    <ignored/>
  </testcase> <!-- @AfterTest teardown -->
  <testcase classname="test.BaseTest" name="@AfterTest teardown" time="0.0">
    <ignored/>
  </testcase> <!-- @AfterTest teardown -->
  <testcase classname="test.BaseTest" name="@AfterTest teardown" time="0.0">
    <ignored/>
  </testcase> <!-- @AfterTest teardown -->
  <testcase classname="test.BaseTest" name="@AfterTest teardown" time="0.0">
    <ignored/>
  </testcase> <!-- @AfterTest teardown -->
  <testcase classname="test.BaseTest" name="@AfterTest teardown" time="0.0">
    <ignored/>
  </testcase> <!-- @AfterTest teardown -->
  <testcase classname="test.BaseTest" name="@AfterTest teardown" time="0.0">
    <ignored/>
  </testcase> <!-- @AfterTest teardown -->
  <testcase classname="test.BaseTest" name="@AfterTest teardown" time="0.0">
    <ignored/>
  </testcase> <!-- @AfterTest teardown -->
  <testcase classname="test.BaseTest" name="@AfterTest teardown" time="0.0">
    <ignored/>
  </testcase> <!-- @AfterTest teardown -->
  <testcase classname="test.BaseTest" name="@AfterTest teardown" time="0.0">
    <ignored/>
  </testcase> <!-- @AfterTest teardown -->
  <testcase classname="test.BaseTest" name="@AfterTest teardown" time="0.0">
    <ignored/>
  </testcase> <!-- @AfterTest teardown -->
  <testcase classname="test.BaseTest" name="@AfterTest teardown" time="0.0">
    <ignored/>
  </testcase> <!-- @AfterTest teardown -->
  <testcase classname="test.BaseTest" name="@AfterTest teardown" time="0.0">
    <ignored/>
  </testcase> <!-- @AfterTest teardown -->
  <testcase classname="test.BaseTest" name="@AfterTest teardown" time="0.0">
    <ignored/>
  </testcase> <!-- @AfterTest teardown -->
  <testcase classname="test.BaseTest" name="@AfterTest teardown" time="0.0">
    <ignored/>
  </testcase> <!-- @AfterTest teardown -->
  <testcase classname="test.BaseTest" name="@AfterTest teardown" time="0.0">
    <ignored/>
  </testcase> <!-- @AfterTest teardown -->
  <testcase classname="test.BaseTest" name="@AfterTest teardown" time="0.0">
    <ignored/>
  </testcase> <!-- @AfterTest teardown -->
</testsuite> <!-- Test -->
