<?xml version="1.0" encoding="UTF-8"?>
<!-- Generated by org.testng.reporters.JUnitXMLReporter -->
<testsuite ignored="8" hostname="JAMOCHA30" failures="0" tests="9" name="Test" time="175.694" errors="0" timestamp="2023-12-05T11:18:51 IST">
  <testcase classname="test.UserDomainAddFunction" name="addNewFunction" time="62.936"/>
  <testcase classname="test.UserDomainModify" name="modifyFunction" time="12.334"/>
  <testcase classname="test.UserDomainDeleteFunction" name="deleteNewFunction" time="12.067"/>
  <testcase classname="test.UserDomainSortingFuncton" name="sortingFunction" time="12.619"/>
  <testcase classname="test.UserDomainExcelValidation" name="excelValidation" time="11.308"/>
  <testcase classname="test.AOSAddNew" name="addNewFunction" time="17.418"/>
  <testcase classname="test.UserDomainPDFValidation" name="pdf" time="11.786"/>
  <testcase classname="test.AOSModifyFunction" name="a0sModifyFunction" time="17.549"/>
  <testcase classname="test.AOSDeleteFunction" name="aosDeleteFunction" time="16.114"/>
  <testcase classname="test.BaseTest" name="@AfterTest teardown" time="0.0">
    <ignored/>
  </testcase> <!-- @AfterTest teardown -->
  <testcase classname="test.BaseTest" name="@AfterTest teardown" time="0.0">
    <ignored/>
  </testcase> <!-- @AfterTest teardown -->
  <testcase classname="test.BaseTest" name="@AfterTest teardown" time="0.0">
    <ignored/>
  </testcase> <!-- @AfterTest teardown -->
  <testcase classname="test.BaseTest" name="@AfterTest teardown" time="0.0">
    <ignored/>
  </testcase> <!-- @AfterTest teardown -->
  <testcase classname="test.BaseTest" name="@AfterTest teardown" time="0.0">
    <ignored/>
  </testcase> <!-- @AfterTest teardown -->
  <testcase classname="test.BaseTest" name="@AfterTest teardown" time="0.0">
    <ignored/>
  </testcase> <!-- @AfterTest teardown -->
  <testcase classname="test.BaseTest" name="@AfterTest teardown" time="0.0">
    <ignored/>
  </testcase> <!-- @AfterTest teardown -->
  <testcase classname="test.BaseTest" name="@AfterTest teardown" time="0.0">
    <ignored/>
  </testcase> <!-- @AfterTest teardown -->
</testsuite> <!-- Test -->
