<!DOCTYPE html PUBLIC "-//W3C//DTD XHTML 1.1//EN" "https://www.w3.org/TR/xhtml11/DTD/xhtml11.dtd">
<html xmlns="https://www.w3.org/1999/xhtml">
<head>
<meta http-equiv="content-type" content="text/html; charset=UTF-8"/>
<title>TestNG Report</title>
<style type="text/css">table {margin-bottom:10px;border-collapse:collapse;empty-cells:show}th,td {border:1px solid #009;padding:.25em .5em}th {vertical-align:bottom}td {vertical-align:top}table a {font-weight:bold}.stripe td {background-color: #E6EBF9}.num {text-align:right}.passedodd td {background-color: #3F3}.passedeven td {background-color: #0A0}.skippedodd td {background-color: #DDD}.skippedeven td {background-color: #CCC}.failedodd td,.attn {background-color: #F33}.failedeven td,.stripe .attn {background-color: #D00}.stacktrace {white-space:pre;font-family:monospace}.totop {font-size:85%;text-align:center;border-bottom:2px solid #000}.invisible {display:none}</style>
</head>
<body>
<table>
<tr><th>Test</th><th># Passed</th><th># Skipped</th><th># Retried</th><th># Failed</th><th>Time (ms)</th><th>Included Groups</th><th>Excluded Groups</th></tr>
<tr><th colspan="8">MultipleSuite</th></tr>
<tr><td><a href="#t0">Test</a></td><td class="num">49</td><td class="num">0</td><td class="num attn">12</td><td class="num attn">3</td><td class="num">1,324,341</td><td></td><td></td></tr>
</table>
<table id='summary'><thead><tr><th>Class</th><th>Method</th><th>Start</th><th>Time (ms)</th></tr></thead><tbody><tr><th colspan="4">MultipleSuite</th></tr></tbody><tbody id="t0"><tr><th colspan="4">Test &#8212; failed</th></tr><tr class="failedeven"><td rowspan="1">UserRoles.UserRolesModifyManagerAllowUserToExportDataPDF</td><td><a href="#m0">userRolesModifyManagerAllowUserToExportDataPDF</a></td><td rowspan="1">1706594502270</td><td rowspan="1">33199</td></tr><tr class="failedodd"><td rowspan="1">UserRoles.UserRolesModifyManagerAllowUserToExportDataXLS</td><td><a href="#m1">userRolesModifyManagerAllowUserToExportDataXLS</a></td><td rowspan="1">1706594468921</td><td rowspan="1">33345</td></tr><tr class="failedeven"><td rowspan="1">test.WorkProfile.WorkProfileForAddingNew</td><td><a href="#m2">AddingNewWorkProfiles</a></td><td rowspan="1">1706593965941</td><td rowspan="1">16902</td></tr><tr><th colspan="4">Test &#8212; retried</th></tr><tr class="retriedeven"><td rowspan="1">UserRoles.UserRolesModifyManagerDefineNewActivity</td><td><a href="#m3">userRolesModifyManagerDefineNewActivity</a></td><td rowspan="1">1706594760138</td><td rowspan="1">33219</td></tr><tr class="retriedodd"><td rowspan="1">UserRoles.UserRolesModifyManagerDontAllowUserToExportDataPDF2</td><td><a href="#m4">userRolesModifyManagerDontAllowUserToExportDataPDF2</a></td><td rowspan="1">1706594645599</td><td rowspan="1">30241</td></tr><tr class="retriedeven"><td rowspan="1">UserRoles.UserRolesModifyManagerDontAllowUserToExportDataXLS</td><td><a href="#m5">userRolesModifyManagerDontAllowUserToExportDataXLS</a></td><td rowspan="1">1706594716543</td><td rowspan="1">24503</td></tr><tr class="retriedodd"><td rowspan="1">UserRoles.UserRolesModifyManagerEditActivityRating</td><td><a href="#m6">userRolesModifyManagerEditActivityRating</a></td><td rowspan="1">1706594819348</td><td rowspan="1">33368</td></tr><tr class="retriedeven"><td rowspan="1">UserRoles.UserRolesModifyManagerExportDataPermissionNotAllowUserToDemandOnMail</td><td><a href="#m7">userRolesModifyManagerExportDataPermissionNotAllowUserToDemandOnMail</a></td><td rowspan="1">1706594556888</td><td rowspan="1">25275</td></tr><tr class="retriedodd"><td rowspan="2">test.AOS.AOSAddNew</td><td><a href="#m8">addNewFunction</a></td><td rowspan="2">1706593678983</td><td rowspan="2">18350</td></tr><tr class="retriedodd"><td><a href="#m9">addNewFunction</a></td></tr><tr class="retriedeven"><td rowspan="1">test.AOS.AOSModifyFunction</td><td><a href="#m10">a0sModifyFunction</a></td><td rowspan="1">1706593750684</td><td rowspan="1">17406</td></tr><tr class="retriedodd"><td rowspan="1">test.DataAggregation.DataAggregationForAllType</td><td><a href="#m11">alltypeValidation</a></td><td rowspan="1">1706594167444</td><td rowspan="1">1465</td></tr><tr class="retriedeven"><td rowspan="2">test.WorkProfile.WorkProfileForAddingNew</td><td><a href="#m12">AddingNewWorkProfiles</a></td><td rowspan="2">1706593948846</td><td rowspan="2">17090</td></tr><tr class="retriedeven"><td><a href="#m13">AddingNewWorkProfiles</a></td></tr><tr class="retriedodd"><td rowspan="1">test.WorkProfile.WorkProfilesDeleteWithDependency</td><td><a href="#m14">cloneOnWorkProfiles</a></td><td rowspan="1">1706593992014</td><td rowspan="1">92108</td></tr><tr><th colspan="4">Test &#8212; passed</th></tr><tr class="passedeven"><td rowspan="1">UserRoles.UserRoleExcelValidation</td><td><a href="#m15">userRoleExcelValidation</a></td><td rowspan="1">1706594297447</td><td rowspan="1">14162</td></tr><tr class="passedodd"><td rowspan="1">UserRoles.UserRolePDFValidation</td><td><a href="#m16">userRolePDFValidation</a></td><td rowspan="1">1706594311611</td><td rowspan="1">16438</td></tr><tr class="passedeven"><td rowspan="1">UserRoles.UserRoleSorting</td><td><a href="#m17">userRoleSorting</a></td><td rowspan="1">1706594385866</td><td rowspan="1">20074</td></tr><tr class="passedodd"><td rowspan="1">UserRoles.UserRolesAddNewManager</td><td><a href="#m18">userRolesAddNewManager</a></td><td rowspan="1">1706594223453</td><td rowspan="1">18686</td></tr><tr class="passedeven"><td rowspan="1">UserRoles.UserRolesAddNewManagerDelete</td><td><a href="#m19">userRolesAddNewManagerDelete</a></td><td rowspan="1">1706594242144</td><td rowspan="1">30813</td></tr><tr class="passedodd"><td rowspan="1">UserRoles.UserRolesAddNewMember</td><td><a href="#m20">userRolesAddNewManager</a></td><td rowspan="1">1706594209282</td><td rowspan="1">14169</td></tr><tr class="passedeven"><td rowspan="1">UserRoles.UserRolesAddNewMemberDelete</td><td><a href="#m21">userRolesAddNewMemberDelete</a></td><td rowspan="1">1706594272959</td><td rowspan="1">24486</td></tr><tr class="passedodd"><td rowspan="1">UserRoles.UserRolesBulkUpdate</td><td><a href="#m22">userRolesBulkUpdate</a></td><td rowspan="1">1706594328052</td><td rowspan="1">30855</td></tr><tr class="passedeven"><td rowspan="1">UserRoles.UserRolesBulkUpdateMember</td><td><a href="#m23">userRolesBulkUpdateMember</a></td><td rowspan="1">1706594358909</td><td rowspan="1">26949</td></tr><tr class="passedodd"><td rowspan="1">UserRoles.UserRolesModifyManagerDefineNewActivity</td><td><a href="#m24">userRolesModifyManagerDefineNewActivity</a></td><td rowspan="1">1706594793363</td><td rowspan="1">25983</td></tr><tr class="passedeven"><td rowspan="1">UserRoles.UserRolesModifyManagerDontAllowUserToExportDataPDF2</td><td><a href="#m25">userRolesModifyManagerDontAllowUserToExportDataPDF2</a></td><td rowspan="1">1706594675844</td><td rowspan="1">22721</td></tr><tr class="passedodd"><td rowspan="1">UserRoles.UserRolesModifyManagerDontAllowUserToExportDataXLS</td><td><a href="#m26">userRolesModifyManagerDontAllowUserToExportDataXLS</a></td><td rowspan="1">1706594741050</td><td rowspan="1">19069</td></tr><tr class="passedeven"><td rowspan="1">UserRoles.UserRolesModifyManagerEditActivityRating</td><td><a href="#m27">userRolesModifyManagerEditActivityRating</a></td><td rowspan="1">1706594852721</td><td rowspan="1">23202</td></tr><tr class="passedodd"><td rowspan="1">UserRoles.UserRolesModifyManagerExportDataPermissionAllowUserToMail</td><td><a href="#m28">userRolesModifyManagerExportDataPermissionAllowUserToMail</a></td><td rowspan="1">1706594535474</td><td rowspan="1">21406</td></tr><tr class="passedeven"><td rowspan="1">UserRoles.UserRolesModifyManagerExportDataPermissionNotAllowUserToDemandOnMail</td><td><a href="#m29">userRolesModifyManagerExportDataPermissionNotAllowUserToDemandOnMail</a></td><td rowspan="1">1706594582169</td><td rowspan="1">17642</td></tr><tr class="passedodd"><td rowspan="1">UserRoles.UserRolesModifyManagerHierarchyLevel</td><td><a href="#m30">userRolesModifyManagerHierarchyLevel</a></td><td rowspan="1">1706594707668</td><td rowspan="1">8873</td></tr><tr class="passedeven"><td rowspan="1">UserRoles.UserRolesModifyManagerModuleSelection</td><td><a href="#m31">userRolesModifyManagerModuleSelection</a></td><td rowspan="1">1706594599812</td><td rowspan="1">19457</td></tr><tr class="passedodd"><td rowspan="1">UserRoles.UserRolesModifyManagerToMeber</td><td><a href="#m32">userRolesModifyManagerToMeber</a></td><td rowspan="1">1706594405942</td><td rowspan="1">32009</td></tr><tr class="passedeven"><td rowspan="1">UserRoles.UserRolesModifyMemberHierarchyLevel</td><td><a href="#m33">userRolesModifyMemberHierarchyLevel</a></td><td rowspan="1">1706594698582</td><td rowspan="1">9084</td></tr><tr class="passedodd"><td rowspan="1">UserRoles.UserRolesModifyMemberModuleSelection</td><td><a href="#m34">userRolesModifyMemberModuleSelection</a></td><td rowspan="1">1706594619274</td><td rowspan="1">26324</td></tr><tr class="passedeven"><td rowspan="1">UserRoles.UserRolesModifyMemberToManager</td><td><a href="#m35">userRolesModifyMemberToManager</a></td><td rowspan="1">1706594437953</td><td rowspan="1">30966</td></tr><tr class="passedodd"><td rowspan="1">test.AOS.AOSAddNew</td><td><a href="#m36">addNewFunction</a></td><td rowspan="1">1706593697337</td><td rowspan="1">17270</td></tr><tr class="passedeven"><td rowspan="1">test.AOS.AOSBulkUpload</td><td><a href="#m37">aosBulkUpload</a></td><td rowspan="1">1706593554868</td><td rowspan="1">31408</td></tr><tr class="passedodd"><td rowspan="1">test.AOS.AOSBulkUploadDelete</td><td><a href="#m38">aosBulkUploadDelete</a></td><td rowspan="1">1706593586288</td><td rowspan="1">15045</td></tr><tr class="passedeven"><td rowspan="1">test.AOS.AOSBulkUploadModify</td><td><a href="#m39">aosBulkUploadModify</a></td><td rowspan="1">1706593601335</td><td rowspan="1">24097</td></tr><tr class="passedodd"><td rowspan="1">test.AOS.AOSDeleteFunction</td><td><a href="#m40">aosDeleteFunction</a></td><td rowspan="1">1706593625434</td><td rowspan="1">26365</td></tr><tr class="passedeven"><td rowspan="1">test.AOS.AOSModifyFunction</td><td><a href="#m41">a0sModifyFunction</a></td><td rowspan="1">1706593768095</td><td rowspan="1">17768</td></tr><tr class="passedodd"><td rowspan="1">test.AOS.AOSUnknownApplicationAddingtoCreateNew</td><td><a href="#m42">aosUnknownApplicationAddingtoCreateNew</a></td><td rowspan="1">1706593714610</td><td rowspan="1">9002</td></tr><tr class="passedeven"><td rowspan="1">test.AOS.AOSUnknownApplicationAddingtoCreateNewProcessName</td><td><a href="#m43">aosUnknownApplicationAddingtoCreateNewProcessName</a></td><td rowspan="1">1706593741288</td><td rowspan="1">9393</td></tr><tr class="passedodd"><td rowspan="1">test.AOS.AOSUnknownApplicationAddingtoCreateNewQualifierText</td><td><a href="#m44">aosUnknownApplicationAddingtoCreateNewQualifierText</a></td><td rowspan="1">1706593723615</td><td rowspan="1">9004</td></tr><tr class="passedeven"><td rowspan="1">test.AOS.AOSUnknownApplicationAddingtoExisting</td><td><a href="#m45">aosUnknownApplicationAddingtoExisting</a></td><td rowspan="1">1706593732621</td><td rowspan="1">8662</td></tr><tr class="passedodd"><td rowspan="1">test.AOS.AOSUnknownApplicationAddingtoExistingProcessName</td><td><a href="#m46">aosUnknownApplicationAddingtoExistingProcessName</a></td><td rowspan="1">1706593785867</td><td rowspan="1">10178</td></tr><tr class="passedeven"><td rowspan="1">test.AOS.AOSUnknownApplicationAddingtoExistingQualifierText</td><td><a href="#m47">aosUnknownApplicationAddingtoExistingQualifierText</a></td><td rowspan="1">1706593651803</td><td rowspan="1">9256</td></tr><tr class="passedodd"><td rowspan="1">test.DataAggregation.DataAggregation</td><td><a href="#m48">aggregationForSingleType</a></td><td rowspan="1">1706594138838</td><td rowspan="1">28604</td></tr><tr class="passedeven"><td rowspan="1">test.DataAggregation.DataAggregationForAllType</td><td><a href="#m49">alltypeValidation</a></td><td rowspan="1">1706594168913</td><td rowspan="1">28390</td></tr><tr class="passedodd"><td rowspan="1">test.DataAggregation.DataAggregationForModificationOnSettingsTab</td><td><a href="#m50">modificationOnSettingsTab</a></td><td rowspan="1">1706593917666</td><td rowspan="1">9268</td></tr><tr class="passedeven"><td rowspan="1">test.DataAggregation.DataAggregationForModificationOnSettingsTabForClearButton</td><td><a href="#m51">modificationOnSettingsTabForClearButton</a></td><td rowspan="1">1706593926942</td><td rowspan="1">4711</td></tr><tr class="passedodd"><td rowspan="1">test.UserDomain.UserDomainAddFunction</td><td><a href="#m52">addNewFunction</a></td><td rowspan="1">1706593796048</td><td rowspan="1">61781</td></tr><tr class="passedeven"><td rowspan="1">test.UserDomain.UserDomainDeleteFunction</td><td><a href="#m53">deleteNewFunction</a></td><td rowspan="1">1706593870653</td><td rowspan="1">12131</td></tr><tr class="passedodd"><td rowspan="1">test.UserDomain.UserDomainExcelValidation</td><td><a href="#m54">excelValidation</a></td><td rowspan="1">1706593896004</td><td rowspan="1">10514</td></tr><tr class="passedeven"><td rowspan="1">test.UserDomain.UserDomainModify</td><td><a href="#m55">modifyFunction</a></td><td rowspan="1">1706593857831</td><td rowspan="1">12820</td></tr><tr class="passedodd"><td rowspan="1">test.UserDomain.UserDomainPDFValidation</td><td><a href="#m56">pdf</a></td><td rowspan="1">1706593906520</td><td rowspan="1">11143</td></tr><tr class="passedeven"><td rowspan="1">test.UserDomain.UserDomainSortingFuncton</td><td><a href="#m57">sortingFunction</a></td><td rowspan="1">1706593882786</td><td rowspan="1">13216</td></tr><tr class="passedodd"><td rowspan="1">test.WorkProfile.WorkProfileForDelete</td><td><a href="#m58">deletionOnWorkProfiles</a></td><td rowspan="1">1706594197305</td><td rowspan="1">11975</td></tr><tr class="passedeven"><td rowspan="1">test.WorkProfile.WorkProfileForModification</td><td><a href="#m59">modificationOnWorkProfiles</a></td><td rowspan="1">1706593982847</td><td rowspan="1">9165</td></tr><tr class="passedodd"><td rowspan="1">test.WorkProfile.WorkProfileValidateWithTeams</td><td><a href="#m60">cloneOnWorkProfiles</a></td><td rowspan="1">1706594123274</td><td rowspan="1">15563</td></tr><tr class="passedeven"><td rowspan="1">test.WorkProfile.WorkProfilesDeleteWithDependency</td><td><a href="#m61">cloneOnWorkProfiles</a></td><td rowspan="1">1706594084131</td><td rowspan="1">12450</td></tr><tr class="passedodd"><td rowspan="1">test.WorkProfile.WorkProfilesExcelValidation</td><td><a href="#m62">cloneOnWorkProfiles</a></td><td rowspan="1">1706594096583</td><td rowspan="1">17750</td></tr><tr class="passedeven"><td rowspan="1">test.WorkProfile.WorkProfilesForClone</td><td><a href="#m63">cloneOnWorkProfiles</a></td><td rowspan="1">1706594114335</td><td rowspan="1">8937</td></tr></tbody>
</table>
<h2>Test</h2><h3 id="m0">UserRoles.UserRolesModifyManagerAllowUserToExportDataPDF#userRolesModifyManagerAllowUserToExportDataPDF</h3><table class="result"><tr><th>Exception</th></tr><tr><td><div class="stacktrace">org.openqa.selenium.NoSuchElementException: no such element: Unable to locate element: {&quot;method&quot;:&quot;xpath&quot;,&quot;selector&quot;:&quot;//img[@title=&apos;Export to PDF&apos;]&quot;}
  (Session info: chrome=120.0.6099.227)
For documentation on this error, please visit: https://www.selenium.dev/documentation/webdriver/troubleshooting/errors#no-such-element-exception
Build info: version: &apos;4.13.0&apos;, revision: &apos;ba948ece5b*&apos;
System info: os.name: &apos;Windows 10&apos;, os.arch: &apos;amd64&apos;, os.version: &apos;10.0&apos;, java.version: &apos;17.0.8.1&apos;
Driver info: org.openqa.selenium.chrome.ChromeDriver
Command: [13fec77949428d5a90352ebb86219304, findElement {using=xpath, value=//img[@title=&apos;Export to PDF&apos;]}]
Capabilities {acceptInsecureCerts: false, browserName: chrome, browserVersion: 120.0.6099.227, chrome: {chromedriverVersion: 120.0.6099.109 (3419140ab66..., userDataDir: C:\Users\pavana.c\AppData\L...}, fedcm:accounts: true, goog:chromeOptions: {debuggerAddress: localhost:60695}, networkConnectionEnabled: false, pageLoadStrategy: normal, platformName: windows, proxy: Proxy(), se:cdp: ws://localhost:60695/devtoo..., se:cdpVersion: 120.0.6099.227, setWindowRect: true, strictFileInteractability: false, timeouts: {implicit: 0, pageLoad: 300000, script: 30000}, unhandledPromptBehavior: dismiss and notify, webauthn:extension:credBlob: true, webauthn:extension:largeBlob: true, webauthn:extension:minPinLength: true, webauthn:extension:prf: true, webauthn:virtualAuthenticators: true}
Session ID: 13fec77949428d5a90352ebb86219304
	at org.openqa.selenium.remote.codec.w3c.W3CHttpResponseCodec.createException(W3CHttpResponseCodec.java:200)
	at org.openqa.selenium.remote.codec.w3c.W3CHttpResponseCodec.decode(W3CHttpResponseCodec.java:133)
	at org.openqa.selenium.remote.codec.w3c.W3CHttpResponseCodec.decode(W3CHttpResponseCodec.java:52)
	at org.openqa.selenium.remote.HttpCommandExecutor.execute(HttpCommandExecutor.java:191)
	at org.openqa.selenium.remote.service.DriverCommandExecutor.invokeExecute(DriverCommandExecutor.java:196)
	at org.openqa.selenium.remote.service.DriverCommandExecutor.execute(DriverCommandExecutor.java:171)
	at org.openqa.selenium.remote.RemoteWebDriver.execute(RemoteWebDriver.java:602)
	at org.openqa.selenium.remote.ElementLocation$ElementFinder$2.findElement(ElementLocation.java:165)
	at org.openqa.selenium.remote.ElementLocation.findElement(ElementLocation.java:59)
	at org.openqa.selenium.remote.RemoteWebDriver.findElement(RemoteWebDriver.java:359)
	at org.openqa.selenium.remote.RemoteWebDriver.findElement(RemoteWebDriver.java:353)
	at Pages.UserRolePage.exportPDFBtnToBeDisabled(UserRolePage.java:317)
	at UserRoles.UserRolesModifyManagerAllowUserToExportDataPDF.userRolesModifyManagerAllowUserToExportDataPDF(UserRolesModifyManagerAllowUserToExportDataPDF.java:74)
	at java.base/java.util.ArrayList.forEach(ArrayList.java:1511)
... Removed 32 stack frames</div></td></tr></table><p class="totop"><a href="#summary">back to summary</a></p>
<h3 id="m1">UserRoles.UserRolesModifyManagerAllowUserToExportDataXLS#userRolesModifyManagerAllowUserToExportDataXLS</h3><table class="result"><tr><th>Exception</th></tr><tr><td><div class="stacktrace">org.openqa.selenium.NoSuchElementException: no such element: Unable to locate element: {&quot;method&quot;:&quot;xpath&quot;,&quot;selector&quot;:&quot;//img[@title=&quot;Export to Excel&quot;]&quot;}
  (Session info: chrome=120.0.6099.227)
For documentation on this error, please visit: https://www.selenium.dev/documentation/webdriver/troubleshooting/errors#no-such-element-exception
Build info: version: &apos;4.13.0&apos;, revision: &apos;ba948ece5b*&apos;
System info: os.name: &apos;Windows 10&apos;, os.arch: &apos;amd64&apos;, os.version: &apos;10.0&apos;, java.version: &apos;17.0.8.1&apos;
Driver info: org.openqa.selenium.chrome.ChromeDriver
Command: [13fec77949428d5a90352ebb86219304, findElement {using=xpath, value=//img[@title=&quot;Export to Excel&quot;]}]
Capabilities {acceptInsecureCerts: false, browserName: chrome, browserVersion: 120.0.6099.227, chrome: {chromedriverVersion: 120.0.6099.109 (3419140ab66..., userDataDir: C:\Users\pavana.c\AppData\L...}, fedcm:accounts: true, goog:chromeOptions: {debuggerAddress: localhost:60695}, networkConnectionEnabled: false, pageLoadStrategy: normal, platformName: windows, proxy: Proxy(), se:cdp: ws://localhost:60695/devtoo..., se:cdpVersion: 120.0.6099.227, setWindowRect: true, strictFileInteractability: false, timeouts: {implicit: 0, pageLoad: 300000, script: 30000}, unhandledPromptBehavior: dismiss and notify, webauthn:extension:credBlob: true, webauthn:extension:largeBlob: true, webauthn:extension:minPinLength: true, webauthn:extension:prf: true, webauthn:virtualAuthenticators: true}
Session ID: 13fec77949428d5a90352ebb86219304
	at org.openqa.selenium.remote.codec.w3c.W3CHttpResponseCodec.createException(W3CHttpResponseCodec.java:200)
	at org.openqa.selenium.remote.codec.w3c.W3CHttpResponseCodec.decode(W3CHttpResponseCodec.java:133)
	at org.openqa.selenium.remote.codec.w3c.W3CHttpResponseCodec.decode(W3CHttpResponseCodec.java:52)
	at org.openqa.selenium.remote.HttpCommandExecutor.execute(HttpCommandExecutor.java:191)
	at org.openqa.selenium.remote.service.DriverCommandExecutor.invokeExecute(DriverCommandExecutor.java:196)
	at org.openqa.selenium.remote.service.DriverCommandExecutor.execute(DriverCommandExecutor.java:171)
	at org.openqa.selenium.remote.RemoteWebDriver.execute(RemoteWebDriver.java:602)
	at org.openqa.selenium.remote.ElementLocation$ElementFinder$2.findElement(ElementLocation.java:165)
	at org.openqa.selenium.remote.ElementLocation.findElement(ElementLocation.java:59)
	at org.openqa.selenium.remote.RemoteWebDriver.findElement(RemoteWebDriver.java:359)
	at org.openqa.selenium.remote.RemoteWebDriver.findElement(RemoteWebDriver.java:353)
	at Pages.UserRolePage.exportexcelBtnToBeDisabled(UserRolePage.java:290)
	at UserRoles.UserRolesModifyManagerAllowUserToExportDataXLS.userRolesModifyManagerAllowUserToExportDataXLS(UserRolesModifyManagerAllowUserToExportDataXLS.java:74)
	at java.base/java.util.ArrayList.forEach(ArrayList.java:1511)
... Removed 32 stack frames</div></td></tr></table><p class="totop"><a href="#summary">back to summary</a></p>
<h3 id="m2">test.WorkProfile.WorkProfileForAddingNew#AddingNewWorkProfiles</h3><table class="result"><tr><th>Exception</th></tr><tr><td><div class="stacktrace">org.openqa.selenium.NoSuchElementException: no such element: Unable to locate element: {&quot;method&quot;:&quot;xpath&quot;,&quot;selector&quot;:&quot;(//input[@name=&apos;activityTagSelectCheckbox&apos;])[1]&quot;}
  (Session info: chrome=120.0.6099.227)
For documentation on this error, please visit: https://www.selenium.dev/documentation/webdriver/troubleshooting/errors#no-such-element-exception
Build info: version: &apos;4.13.0&apos;, revision: &apos;ba948ece5b*&apos;
System info: os.name: &apos;Windows 10&apos;, os.arch: &apos;amd64&apos;, os.version: &apos;10.0&apos;, java.version: &apos;17.0.8.1&apos;
Driver info: org.openqa.selenium.chrome.ChromeDriver
Command: [13fec77949428d5a90352ebb86219304, findElement {using=xpath, value=(//input[@name=&apos;activityTagSelectCheckbox&apos;])[1]}]
Capabilities {acceptInsecureCerts: false, browserName: chrome, browserVersion: 120.0.6099.227, chrome: {chromedriverVersion: 120.0.6099.109 (3419140ab66..., userDataDir: C:\Users\pavana.c\AppData\L...}, fedcm:accounts: true, goog:chromeOptions: {debuggerAddress: localhost:60695}, networkConnectionEnabled: false, pageLoadStrategy: normal, platformName: windows, proxy: Proxy(), se:cdp: ws://localhost:60695/devtoo..., se:cdpVersion: 120.0.6099.227, setWindowRect: true, strictFileInteractability: false, timeouts: {implicit: 0, pageLoad: 300000, script: 30000}, unhandledPromptBehavior: dismiss and notify, webauthn:extension:credBlob: true, webauthn:extension:largeBlob: true, webauthn:extension:minPinLength: true, webauthn:extension:prf: true, webauthn:virtualAuthenticators: true}
Session ID: 13fec77949428d5a90352ebb86219304
	at org.openqa.selenium.remote.codec.w3c.W3CHttpResponseCodec.createException(W3CHttpResponseCodec.java:200)
	at org.openqa.selenium.remote.codec.w3c.W3CHttpResponseCodec.decode(W3CHttpResponseCodec.java:133)
	at org.openqa.selenium.remote.codec.w3c.W3CHttpResponseCodec.decode(W3CHttpResponseCodec.java:52)
	at org.openqa.selenium.remote.HttpCommandExecutor.execute(HttpCommandExecutor.java:191)
	at org.openqa.selenium.remote.service.DriverCommandExecutor.invokeExecute(DriverCommandExecutor.java:196)
	at org.openqa.selenium.remote.service.DriverCommandExecutor.execute(DriverCommandExecutor.java:171)
	at org.openqa.selenium.remote.RemoteWebDriver.execute(RemoteWebDriver.java:602)
	at org.openqa.selenium.remote.ElementLocation$ElementFinder$2.findElement(ElementLocation.java:165)
	at org.openqa.selenium.remote.ElementLocation.findElement(ElementLocation.java:59)
	at org.openqa.selenium.remote.RemoteWebDriver.findElement(RemoteWebDriver.java:359)
	at org.openqa.selenium.remote.RemoteWebDriver.findElement(RemoteWebDriver.java:353)
	at org.openqa.selenium.support.pagefactory.DefaultElementLocator.findElement(DefaultElementLocator.java:68)
	at org.openqa.selenium.support.pagefactory.internal.LocatingElementHandler.invoke(LocatingElementHandler.java:38)
	at jdk.proxy2/jdk.proxy2.$Proxy16.isSelected(Unknown Source)
	at Pages.WorkProfilesPage.checkCheckBoxJavaScipt(WorkProfilesPage.java:180)
	at Pages.WorkProfilesPage.clickToAddActivityTag(WorkProfilesPage.java:275)
	at test.WorkProfile.WorkProfileForAddingNew.AddingNewWorkProfiles(WorkProfileForAddingNew.java:74)
	at java.base/java.util.ArrayList.forEach(ArrayList.java:1511)
... Removed 32 stack frames</div></td></tr></table><p class="totop"><a href="#summary">back to summary</a></p>
<h3 id="m3">UserRoles.UserRolesModifyManagerDefineNewActivity#userRolesModifyManagerDefineNewActivity</h3><table class="result"><tr><th>Exception</th></tr><tr><td><div class="stacktrace">org.openqa.selenium.NoSuchElementException: no such element: Unable to locate element: {&quot;method&quot;:&quot;xpath&quot;,&quot;selector&quot;:&quot;//b[contains(text(),&apos;EDIT RATING&apos;)]&quot;}
  (Session info: chrome=120.0.6099.227)
For documentation on this error, please visit: https://www.selenium.dev/documentation/webdriver/troubleshooting/errors#no-such-element-exception
Build info: version: &apos;4.13.0&apos;, revision: &apos;ba948ece5b*&apos;
System info: os.name: &apos;Windows 10&apos;, os.arch: &apos;amd64&apos;, os.version: &apos;10.0&apos;, java.version: &apos;17.0.8.1&apos;
Driver info: org.openqa.selenium.chrome.ChromeDriver
Command: [13fec77949428d5a90352ebb86219304, findElement {using=xpath, value=//b[contains(text(),&apos;EDIT RATING&apos;)]}]
Capabilities {acceptInsecureCerts: false, browserName: chrome, browserVersion: 120.0.6099.227, chrome: {chromedriverVersion: 120.0.6099.109 (3419140ab66..., userDataDir: C:\Users\pavana.c\AppData\L...}, fedcm:accounts: true, goog:chromeOptions: {debuggerAddress: localhost:60695}, networkConnectionEnabled: false, pageLoadStrategy: normal, platformName: windows, proxy: Proxy(), se:cdp: ws://localhost:60695/devtoo..., se:cdpVersion: 120.0.6099.227, setWindowRect: true, strictFileInteractability: false, timeouts: {implicit: 0, pageLoad: 300000, script: 30000}, unhandledPromptBehavior: dismiss and notify, webauthn:extension:credBlob: true, webauthn:extension:largeBlob: true, webauthn:extension:minPinLength: true, webauthn:extension:prf: true, webauthn:virtualAuthenticators: true}
Session ID: 13fec77949428d5a90352ebb86219304
	at org.openqa.selenium.remote.codec.w3c.W3CHttpResponseCodec.createException(W3CHttpResponseCodec.java:200)
	at org.openqa.selenium.remote.codec.w3c.W3CHttpResponseCodec.decode(W3CHttpResponseCodec.java:133)
	at org.openqa.selenium.remote.codec.w3c.W3CHttpResponseCodec.decode(W3CHttpResponseCodec.java:52)
	at org.openqa.selenium.remote.HttpCommandExecutor.execute(HttpCommandExecutor.java:191)
	at org.openqa.selenium.remote.service.DriverCommandExecutor.invokeExecute(DriverCommandExecutor.java:196)
	at org.openqa.selenium.remote.service.DriverCommandExecutor.execute(DriverCommandExecutor.java:171)
	at org.openqa.selenium.remote.RemoteWebDriver.execute(RemoteWebDriver.java:602)
	at org.openqa.selenium.remote.ElementLocation$ElementFinder$2.findElement(ElementLocation.java:165)
	at org.openqa.selenium.remote.ElementLocation.findElement(ElementLocation.java:59)
	at org.openqa.selenium.remote.RemoteWebDriver.findElement(RemoteWebDriver.java:359)
	at org.openqa.selenium.remote.RemoteWebDriver.findElement(RemoteWebDriver.java:353)
	at UserRoles.UserRolesModifyManagerDefineNewActivity.userRolesModifyManagerDefineNewActivity(UserRolesModifyManagerDefineNewActivity.java:81)
	at java.base/java.util.ArrayList.forEach(ArrayList.java:1511)
... Removed 32 stack frames</div></td></tr></table><p class="totop"><a href="#summary">back to summary</a></p>
<h3 id="m4">UserRoles.UserRolesModifyManagerDontAllowUserToExportDataPDF2#userRolesModifyManagerDontAllowUserToExportDataPDF2</h3><table class="result"><tr><th>Exception</th></tr><tr><td><div class="stacktrace">org.openqa.selenium.NoSuchElementException: no such element: Unable to locate element: {&quot;method&quot;:&quot;xpath&quot;,&quot;selector&quot;:&quot;//img[@title=&apos;Export to PDF&apos;]&quot;}
  (Session info: chrome=120.0.6099.227)
For documentation on this error, please visit: https://www.selenium.dev/documentation/webdriver/troubleshooting/errors#no-such-element-exception
Build info: version: &apos;4.13.0&apos;, revision: &apos;ba948ece5b*&apos;
System info: os.name: &apos;Windows 10&apos;, os.arch: &apos;amd64&apos;, os.version: &apos;10.0&apos;, java.version: &apos;17.0.8.1&apos;
Driver info: org.openqa.selenium.chrome.ChromeDriver
Command: [13fec77949428d5a90352ebb86219304, findElement {using=xpath, value=//img[@title=&apos;Export to PDF&apos;]}]
Capabilities {acceptInsecureCerts: false, browserName: chrome, browserVersion: 120.0.6099.227, chrome: {chromedriverVersion: 120.0.6099.109 (3419140ab66..., userDataDir: C:\Users\pavana.c\AppData\L...}, fedcm:accounts: true, goog:chromeOptions: {debuggerAddress: localhost:60695}, networkConnectionEnabled: false, pageLoadStrategy: normal, platformName: windows, proxy: Proxy(), se:cdp: ws://localhost:60695/devtoo..., se:cdpVersion: 120.0.6099.227, setWindowRect: true, strictFileInteractability: false, timeouts: {implicit: 0, pageLoad: 300000, script: 30000}, unhandledPromptBehavior: dismiss and notify, webauthn:extension:credBlob: true, webauthn:extension:largeBlob: true, webauthn:extension:minPinLength: true, webauthn:extension:prf: true, webauthn:virtualAuthenticators: true}
Session ID: 13fec77949428d5a90352ebb86219304
	at org.openqa.selenium.remote.codec.w3c.W3CHttpResponseCodec.createException(W3CHttpResponseCodec.java:200)
	at org.openqa.selenium.remote.codec.w3c.W3CHttpResponseCodec.decode(W3CHttpResponseCodec.java:133)
	at org.openqa.selenium.remote.codec.w3c.W3CHttpResponseCodec.decode(W3CHttpResponseCodec.java:52)
	at org.openqa.selenium.remote.HttpCommandExecutor.execute(HttpCommandExecutor.java:191)
	at org.openqa.selenium.remote.service.DriverCommandExecutor.invokeExecute(DriverCommandExecutor.java:196)
	at org.openqa.selenium.remote.service.DriverCommandExecutor.execute(DriverCommandExecutor.java:171)
	at org.openqa.selenium.remote.RemoteWebDriver.execute(RemoteWebDriver.java:602)
	at org.openqa.selenium.remote.ElementLocation$ElementFinder$2.findElement(ElementLocation.java:165)
	at org.openqa.selenium.remote.ElementLocation.findElement(ElementLocation.java:59)
	at org.openqa.selenium.remote.RemoteWebDriver.findElement(RemoteWebDriver.java:359)
	at org.openqa.selenium.remote.RemoteWebDriver.findElement(RemoteWebDriver.java:353)
	at Pages.UserRolePage.exportPDFBtnToBeDisabled(UserRolePage.java:317)
	at UserRoles.UserRolesModifyManagerDontAllowUserToExportDataPDF2.userRolesModifyManagerDontAllowUserToExportDataPDF2(UserRolesModifyManagerDontAllowUserToExportDataPDF2.java:74)
	at java.base/java.util.ArrayList.forEach(ArrayList.java:1511)
... Removed 32 stack frames</div></td></tr></table><p class="totop"><a href="#summary">back to summary</a></p>
<h3 id="m5">UserRoles.UserRolesModifyManagerDontAllowUserToExportDataXLS#userRolesModifyManagerDontAllowUserToExportDataXLS</h3><table class="result"><tr><th>Exception</th></tr><tr><td><div class="stacktrace">org.openqa.selenium.NoSuchElementException: no such element: Unable to locate element: {&quot;method&quot;:&quot;xpath&quot;,&quot;selector&quot;:&quot;//img[@title=&quot;Export to Excel&quot;]&quot;}
  (Session info: chrome=120.0.6099.227)
For documentation on this error, please visit: https://www.selenium.dev/documentation/webdriver/troubleshooting/errors#no-such-element-exception
Build info: version: &apos;4.13.0&apos;, revision: &apos;ba948ece5b*&apos;
System info: os.name: &apos;Windows 10&apos;, os.arch: &apos;amd64&apos;, os.version: &apos;10.0&apos;, java.version: &apos;17.0.8.1&apos;
Driver info: org.openqa.selenium.chrome.ChromeDriver
Command: [13fec77949428d5a90352ebb86219304, findElement {using=xpath, value=//img[@title=&quot;Export to Excel&quot;]}]
Capabilities {acceptInsecureCerts: false, browserName: chrome, browserVersion: 120.0.6099.227, chrome: {chromedriverVersion: 120.0.6099.109 (3419140ab66..., userDataDir: C:\Users\pavana.c\AppData\L...}, fedcm:accounts: true, goog:chromeOptions: {debuggerAddress: localhost:60695}, networkConnectionEnabled: false, pageLoadStrategy: normal, platformName: windows, proxy: Proxy(), se:cdp: ws://localhost:60695/devtoo..., se:cdpVersion: 120.0.6099.227, setWindowRect: true, strictFileInteractability: false, timeouts: {implicit: 0, pageLoad: 300000, script: 30000}, unhandledPromptBehavior: dismiss and notify, webauthn:extension:credBlob: true, webauthn:extension:largeBlob: true, webauthn:extension:minPinLength: true, webauthn:extension:prf: true, webauthn:virtualAuthenticators: true}
Session ID: 13fec77949428d5a90352ebb86219304
	at org.openqa.selenium.remote.codec.w3c.W3CHttpResponseCodec.createException(W3CHttpResponseCodec.java:200)
	at org.openqa.selenium.remote.codec.w3c.W3CHttpResponseCodec.decode(W3CHttpResponseCodec.java:133)
	at org.openqa.selenium.remote.codec.w3c.W3CHttpResponseCodec.decode(W3CHttpResponseCodec.java:52)
	at org.openqa.selenium.remote.HttpCommandExecutor.execute(HttpCommandExecutor.java:191)
	at org.openqa.selenium.remote.service.DriverCommandExecutor.invokeExecute(DriverCommandExecutor.java:196)
	at org.openqa.selenium.remote.service.DriverCommandExecutor.execute(DriverCommandExecutor.java:171)
	at org.openqa.selenium.remote.RemoteWebDriver.execute(RemoteWebDriver.java:602)
	at org.openqa.selenium.remote.ElementLocation$ElementFinder$2.findElement(ElementLocation.java:165)
	at org.openqa.selenium.remote.ElementLocation.findElement(ElementLocation.java:59)
	at org.openqa.selenium.remote.RemoteWebDriver.findElement(RemoteWebDriver.java:359)
	at org.openqa.selenium.remote.RemoteWebDriver.findElement(RemoteWebDriver.java:353)
	at Pages.UserRolePage.exportexcelBtnToBeDisabled(UserRolePage.java:290)
	at UserRoles.UserRolesModifyManagerDontAllowUserToExportDataXLS.userRolesModifyManagerDontAllowUserToExportDataXLS(UserRolesModifyManagerDontAllowUserToExportDataXLS.java:80)
	at java.base/java.util.ArrayList.forEach(ArrayList.java:1511)
... Removed 32 stack frames</div></td></tr></table><p class="totop"><a href="#summary">back to summary</a></p>
<h3 id="m6">UserRoles.UserRolesModifyManagerEditActivityRating#userRolesModifyManagerEditActivityRating</h3><table class="result"><tr><th>Exception</th></tr><tr><td><div class="stacktrace">org.openqa.selenium.NoSuchElementException: no such element: Unable to locate element: {&quot;method&quot;:&quot;xpath&quot;,&quot;selector&quot;:&quot;//b[contains(text(),&apos;EDIT RATING&apos;)]&quot;}
  (Session info: chrome=120.0.6099.227)
For documentation on this error, please visit: https://www.selenium.dev/documentation/webdriver/troubleshooting/errors#no-such-element-exception
Build info: version: &apos;4.13.0&apos;, revision: &apos;ba948ece5b*&apos;
System info: os.name: &apos;Windows 10&apos;, os.arch: &apos;amd64&apos;, os.version: &apos;10.0&apos;, java.version: &apos;17.0.8.1&apos;
Driver info: org.openqa.selenium.chrome.ChromeDriver
Command: [13fec77949428d5a90352ebb86219304, findElement {using=xpath, value=//b[contains(text(),&apos;EDIT RATING&apos;)]}]
Capabilities {acceptInsecureCerts: false, browserName: chrome, browserVersion: 120.0.6099.227, chrome: {chromedriverVersion: 120.0.6099.109 (3419140ab66..., userDataDir: C:\Users\pavana.c\AppData\L...}, fedcm:accounts: true, goog:chromeOptions: {debuggerAddress: localhost:60695}, networkConnectionEnabled: false, pageLoadStrategy: normal, platformName: windows, proxy: Proxy(), se:cdp: ws://localhost:60695/devtoo..., se:cdpVersion: 120.0.6099.227, setWindowRect: true, strictFileInteractability: false, timeouts: {implicit: 0, pageLoad: 300000, script: 30000}, unhandledPromptBehavior: dismiss and notify, webauthn:extension:credBlob: true, webauthn:extension:largeBlob: true, webauthn:extension:minPinLength: true, webauthn:extension:prf: true, webauthn:virtualAuthenticators: true}
Session ID: 13fec77949428d5a90352ebb86219304
	at org.openqa.selenium.remote.codec.w3c.W3CHttpResponseCodec.createException(W3CHttpResponseCodec.java:200)
	at org.openqa.selenium.remote.codec.w3c.W3CHttpResponseCodec.decode(W3CHttpResponseCodec.java:133)
	at org.openqa.selenium.remote.codec.w3c.W3CHttpResponseCodec.decode(W3CHttpResponseCodec.java:52)
	at org.openqa.selenium.remote.HttpCommandExecutor.execute(HttpCommandExecutor.java:191)
	at org.openqa.selenium.remote.service.DriverCommandExecutor.invokeExecute(DriverCommandExecutor.java:196)
	at org.openqa.selenium.remote.service.DriverCommandExecutor.execute(DriverCommandExecutor.java:171)
	at org.openqa.selenium.remote.RemoteWebDriver.execute(RemoteWebDriver.java:602)
	at org.openqa.selenium.remote.ElementLocation$ElementFinder$2.findElement(ElementLocation.java:165)
	at org.openqa.selenium.remote.ElementLocation.findElement(ElementLocation.java:59)
	at org.openqa.selenium.remote.RemoteWebDriver.findElement(RemoteWebDriver.java:359)
	at org.openqa.selenium.remote.RemoteWebDriver.findElement(RemoteWebDriver.java:353)
	at UserRoles.UserRolesModifyManagerEditActivityRating.userRolesModifyManagerEditActivityRating(UserRolesModifyManagerEditActivityRating.java:81)
	at java.base/java.util.ArrayList.forEach(ArrayList.java:1511)
... Removed 32 stack frames</div></td></tr></table><p class="totop"><a href="#summary">back to summary</a></p>
<h3 id="m7">UserRoles.UserRolesModifyManagerExportDataPermissionNotAllowUserToDemandOnMail#userRolesModifyManagerExportDataPermissionNotAllowUserToDemandOnMail</h3><table class="result"><tr><th>Exception</th></tr><tr><td><div class="stacktrace">org.openqa.selenium.NoSuchElementException: no such element: Unable to locate element: {&quot;method&quot;:&quot;css selector&quot;,&quot;selector&quot;:&quot;#emailSpan&quot;}
  (Session info: chrome=120.0.6099.227)
For documentation on this error, please visit: https://www.selenium.dev/documentation/webdriver/troubleshooting/errors#no-such-element-exception
Build info: version: &apos;4.13.0&apos;, revision: &apos;ba948ece5b*&apos;
System info: os.name: &apos;Windows 10&apos;, os.arch: &apos;amd64&apos;, os.version: &apos;10.0&apos;, java.version: &apos;17.0.8.1&apos;
Driver info: org.openqa.selenium.chrome.ChromeDriver
Command: [13fec77949428d5a90352ebb86219304, findElement {using=id, value=emailSpan}]
Capabilities {acceptInsecureCerts: false, browserName: chrome, browserVersion: 120.0.6099.227, chrome: {chromedriverVersion: 120.0.6099.109 (3419140ab66..., userDataDir: C:\Users\pavana.c\AppData\L...}, fedcm:accounts: true, goog:chromeOptions: {debuggerAddress: localhost:60695}, networkConnectionEnabled: false, pageLoadStrategy: normal, platformName: windows, proxy: Proxy(), se:cdp: ws://localhost:60695/devtoo..., se:cdpVersion: 120.0.6099.227, setWindowRect: true, strictFileInteractability: false, timeouts: {implicit: 0, pageLoad: 300000, script: 30000}, unhandledPromptBehavior: dismiss and notify, webauthn:extension:credBlob: true, webauthn:extension:largeBlob: true, webauthn:extension:minPinLength: true, webauthn:extension:prf: true, webauthn:virtualAuthenticators: true}
Session ID: 13fec77949428d5a90352ebb86219304
	at org.openqa.selenium.remote.codec.w3c.W3CHttpResponseCodec.createException(W3CHttpResponseCodec.java:200)
	at org.openqa.selenium.remote.codec.w3c.W3CHttpResponseCodec.decode(W3CHttpResponseCodec.java:133)
	at org.openqa.selenium.remote.codec.w3c.W3CHttpResponseCodec.decode(W3CHttpResponseCodec.java:52)
	at org.openqa.selenium.remote.HttpCommandExecutor.execute(HttpCommandExecutor.java:191)
	at org.openqa.selenium.remote.service.DriverCommandExecutor.invokeExecute(DriverCommandExecutor.java:196)
	at org.openqa.selenium.remote.service.DriverCommandExecutor.execute(DriverCommandExecutor.java:171)
	at org.openqa.selenium.remote.RemoteWebDriver.execute(RemoteWebDriver.java:602)
	at org.openqa.selenium.remote.ElementLocation$ElementFinder$2.findElement(ElementLocation.java:165)
	at org.openqa.selenium.remote.ElementLocation.findElement(ElementLocation.java:59)
	at org.openqa.selenium.remote.RemoteWebDriver.findElement(RemoteWebDriver.java:359)
	at org.openqa.selenium.remote.RemoteWebDriver.findElement(RemoteWebDriver.java:353)
	at UserRoles.UserRolesModifyManagerExportDataPermissionNotAllowUserToDemandOnMail.userRolesModifyManagerExportDataPermissionNotAllowUserToDemandOnMail(UserRolesModifyManagerExportDataPermissionNotAllowUserToDemandOnMail.java:76)
	at java.base/java.util.ArrayList.forEach(ArrayList.java:1511)
... Removed 32 stack frames</div></td></tr></table><p class="totop"><a href="#summary">back to summary</a></p>
<h3 id="m8">test.AOS.AOSAddNew#addNewFunction</h3><table class="result"><tr><th>Exception</th></tr><tr><td><div class="stacktrace">java.lang.AssertionError
	at org.junit.Assert.fail(Assert.java:86)
	at org.junit.Assert.assertTrue(Assert.java:41)
	at org.junit.Assert.assertTrue(Assert.java:52)
	at test.AOS.AOSAddNew.addNewFunction(AOSAddNew.java:73)
	at java.base/java.util.ArrayList.forEach(ArrayList.java:1511)
... Removed 27 stack frames</div></td></tr></table><p class="totop"><a href="#summary">back to summary</a></p>
<h3 id="m9">test.AOS.AOSAddNew#addNewFunction</h3><table class="result"><tr><th>Exception</th></tr><tr><td><div class="stacktrace">java.lang.AssertionError
	at org.junit.Assert.fail(Assert.java:86)
	at org.junit.Assert.assertTrue(Assert.java:41)
	at org.junit.Assert.assertTrue(Assert.java:52)
	at test.AOS.AOSAddNew.addNewFunction(AOSAddNew.java:73)
	at java.base/java.util.ArrayList.forEach(ArrayList.java:1511)
... Removed 27 stack frames</div></td></tr></table><p class="totop"><a href="#summary">back to summary</a></p>
<h3 id="m10">test.AOS.AOSModifyFunction#a0sModifyFunction</h3><table class="result"><tr><th>Exception</th></tr><tr><td><div class="stacktrace">java.lang.AssertionError
	at org.junit.Assert.fail(Assert.java:86)
	at org.junit.Assert.assertTrue(Assert.java:41)
	at org.junit.Assert.assertTrue(Assert.java:52)
	at test.AOS.AOSModifyFunction.a0sModifyFunction(AOSModifyFunction.java:63)
	at java.base/java.util.ArrayList.forEach(ArrayList.java:1511)
... Removed 27 stack frames</div></td></tr></table><p class="totop"><a href="#summary">back to summary</a></p>
<h3 id="m11">test.DataAggregation.DataAggregationForAllType#alltypeValidation</h3><table class="result"><tr><th>Exception</th></tr><tr><td><div class="stacktrace">org.openqa.selenium.UnhandledAlertException: unexpected alert open: {Alert text : }
  (Session info: chrome=120.0.6099.227): {Alert text : 
Build info: version: &apos;4.13.0&apos;, revision: &apos;ba948ece5b*&apos;
System info: os.name: &apos;Windows 10&apos;, os.arch: &apos;amd64&apos;, os.version: &apos;10.0&apos;, java.version: &apos;17.0.8.1&apos;
Driver info: org.openqa.selenium.chrome.ChromeDriver
Command: [13fec77949428d5a90352ebb86219304, findElement {using=xpath, value=//div[@class=&apos;large-duplicate-session&apos;]}]
Capabilities {acceptInsecureCerts: false, browserName: chrome, browserVersion: 120.0.6099.227, chrome: {chromedriverVersion: 120.0.6099.109 (3419140ab66..., userDataDir: C:\Users\pavana.c\AppData\L...}, fedcm:accounts: true, goog:chromeOptions: {debuggerAddress: localhost:60695}, networkConnectionEnabled: false, pageLoadStrategy: normal, platformName: windows, proxy: Proxy(), se:cdp: ws://localhost:60695/devtoo..., se:cdpVersion: 120.0.6099.227, setWindowRect: true, strictFileInteractability: false, timeouts: {implicit: 0, pageLoad: 300000, script: 30000}, unhandledPromptBehavior: dismiss and notify, webauthn:extension:credBlob: true, webauthn:extension:largeBlob: true, webauthn:extension:minPinLength: true, webauthn:extension:prf: true, webauthn:virtualAuthenticators: true}
Session ID: 13fec77949428d5a90352ebb86219304
	at org.openqa.selenium.remote.codec.w3c.W3CHttpResponseCodec.decode(W3CHttpResponseCodec.java:131)
	at org.openqa.selenium.remote.codec.w3c.W3CHttpResponseCodec.decode(W3CHttpResponseCodec.java:52)
	at org.openqa.selenium.remote.HttpCommandExecutor.execute(HttpCommandExecutor.java:191)
	at org.openqa.selenium.remote.service.DriverCommandExecutor.invokeExecute(DriverCommandExecutor.java:196)
	at org.openqa.selenium.remote.service.DriverCommandExecutor.execute(DriverCommandExecutor.java:171)
	at org.openqa.selenium.remote.RemoteWebDriver.execute(RemoteWebDriver.java:602)
	at org.openqa.selenium.remote.ElementLocation$ElementFinder$2.findElement(ElementLocation.java:165)
	at org.openqa.selenium.remote.ElementLocation.findElement(ElementLocation.java:59)
	at org.openqa.selenium.remote.RemoteWebDriver.findElement(RemoteWebDriver.java:359)
	at org.openqa.selenium.remote.RemoteWebDriver.findElement(RemoteWebDriver.java:353)
	at org.openqa.selenium.support.pagefactory.DefaultElementLocator.findElement(DefaultElementLocator.java:68)
	at org.openqa.selenium.support.pagefactory.internal.LocatingElementHandler.invoke(LocatingElementHandler.java:38)
	at jdk.proxy2/jdk.proxy2.$Proxy16.isDisplayed(Unknown Source)
	at Pages.loginPage.clickLogin(loginPage.java:65)
	at test.DataAggregation.DataAggregationForAllType.alltypeValidation(DataAggregationForAllType.java:30)
	at java.base/java.util.ArrayList.forEach(ArrayList.java:1511)
... Removed 27 stack frames</div></td></tr></table><p class="totop"><a href="#summary">back to summary</a></p>
<h3 id="m12">test.WorkProfile.WorkProfileForAddingNew#AddingNewWorkProfiles</h3><table class="result"><tr><th>Exception</th></tr><tr><td><div class="stacktrace">org.openqa.selenium.NoSuchElementException: no such element: Unable to locate element: {&quot;method&quot;:&quot;xpath&quot;,&quot;selector&quot;:&quot;(//input[@name=&apos;activityTagSelectCheckbox&apos;])[1]&quot;}
  (Session info: chrome=120.0.6099.227)
For documentation on this error, please visit: https://www.selenium.dev/documentation/webdriver/troubleshooting/errors#no-such-element-exception
Build info: version: &apos;4.13.0&apos;, revision: &apos;ba948ece5b*&apos;
System info: os.name: &apos;Windows 10&apos;, os.arch: &apos;amd64&apos;, os.version: &apos;10.0&apos;, java.version: &apos;17.0.8.1&apos;
Driver info: org.openqa.selenium.chrome.ChromeDriver
Command: [13fec77949428d5a90352ebb86219304, findElement {using=xpath, value=(//input[@name=&apos;activityTagSelectCheckbox&apos;])[1]}]
Capabilities {acceptInsecureCerts: false, browserName: chrome, browserVersion: 120.0.6099.227, chrome: {chromedriverVersion: 120.0.6099.109 (3419140ab66..., userDataDir: C:\Users\pavana.c\AppData\L...}, fedcm:accounts: true, goog:chromeOptions: {debuggerAddress: localhost:60695}, networkConnectionEnabled: false, pageLoadStrategy: normal, platformName: windows, proxy: Proxy(), se:cdp: ws://localhost:60695/devtoo..., se:cdpVersion: 120.0.6099.227, setWindowRect: true, strictFileInteractability: false, timeouts: {implicit: 0, pageLoad: 300000, script: 30000}, unhandledPromptBehavior: dismiss and notify, webauthn:extension:credBlob: true, webauthn:extension:largeBlob: true, webauthn:extension:minPinLength: true, webauthn:extension:prf: true, webauthn:virtualAuthenticators: true}
Session ID: 13fec77949428d5a90352ebb86219304
	at org.openqa.selenium.remote.codec.w3c.W3CHttpResponseCodec.createException(W3CHttpResponseCodec.java:200)
	at org.openqa.selenium.remote.codec.w3c.W3CHttpResponseCodec.decode(W3CHttpResponseCodec.java:133)
	at org.openqa.selenium.remote.codec.w3c.W3CHttpResponseCodec.decode(W3CHttpResponseCodec.java:52)
	at org.openqa.selenium.remote.HttpCommandExecutor.execute(HttpCommandExecutor.java:191)
	at org.openqa.selenium.remote.service.DriverCommandExecutor.invokeExecute(DriverCommandExecutor.java:196)
	at org.openqa.selenium.remote.service.DriverCommandExecutor.execute(DriverCommandExecutor.java:171)
	at org.openqa.selenium.remote.RemoteWebDriver.execute(RemoteWebDriver.java:602)
	at org.openqa.selenium.remote.ElementLocation$ElementFinder$2.findElement(ElementLocation.java:165)
	at org.openqa.selenium.remote.ElementLocation.findElement(ElementLocation.java:59)
	at org.openqa.selenium.remote.RemoteWebDriver.findElement(RemoteWebDriver.java:359)
	at org.openqa.selenium.remote.RemoteWebDriver.findElement(RemoteWebDriver.java:353)
	at org.openqa.selenium.support.pagefactory.DefaultElementLocator.findElement(DefaultElementLocator.java:68)
	at org.openqa.selenium.support.pagefactory.internal.LocatingElementHandler.invoke(LocatingElementHandler.java:38)
	at jdk.proxy2/jdk.proxy2.$Proxy16.isSelected(Unknown Source)
	at Pages.WorkProfilesPage.checkCheckBoxJavaScipt(WorkProfilesPage.java:180)
	at Pages.WorkProfilesPage.clickToAddActivityTag(WorkProfilesPage.java:275)
	at test.WorkProfile.WorkProfileForAddingNew.AddingNewWorkProfiles(WorkProfileForAddingNew.java:74)
	at java.base/java.util.ArrayList.forEach(ArrayList.java:1511)
... Removed 32 stack frames</div></td></tr></table><p class="totop"><a href="#summary">back to summary</a></p>
<h3 id="m13">test.WorkProfile.WorkProfileForAddingNew#AddingNewWorkProfiles</h3><table class="result"><tr><th>Exception</th></tr><tr><td><div class="stacktrace">org.openqa.selenium.NoSuchElementException: no such element: Unable to locate element: {&quot;method&quot;:&quot;xpath&quot;,&quot;selector&quot;:&quot;(//input[@name=&apos;activityTagSelectCheckbox&apos;])[1]&quot;}
  (Session info: chrome=120.0.6099.227)
For documentation on this error, please visit: https://www.selenium.dev/documentation/webdriver/troubleshooting/errors#no-such-element-exception
Build info: version: &apos;4.13.0&apos;, revision: &apos;ba948ece5b*&apos;
System info: os.name: &apos;Windows 10&apos;, os.arch: &apos;amd64&apos;, os.version: &apos;10.0&apos;, java.version: &apos;17.0.8.1&apos;
Driver info: org.openqa.selenium.chrome.ChromeDriver
Command: [13fec77949428d5a90352ebb86219304, findElement {using=xpath, value=(//input[@name=&apos;activityTagSelectCheckbox&apos;])[1]}]
Capabilities {acceptInsecureCerts: false, browserName: chrome, browserVersion: 120.0.6099.227, chrome: {chromedriverVersion: 120.0.6099.109 (3419140ab66..., userDataDir: C:\Users\pavana.c\AppData\L...}, fedcm:accounts: true, goog:chromeOptions: {debuggerAddress: localhost:60695}, networkConnectionEnabled: false, pageLoadStrategy: normal, platformName: windows, proxy: Proxy(), se:cdp: ws://localhost:60695/devtoo..., se:cdpVersion: 120.0.6099.227, setWindowRect: true, strictFileInteractability: false, timeouts: {implicit: 0, pageLoad: 300000, script: 30000}, unhandledPromptBehavior: dismiss and notify, webauthn:extension:credBlob: true, webauthn:extension:largeBlob: true, webauthn:extension:minPinLength: true, webauthn:extension:prf: true, webauthn:virtualAuthenticators: true}
Session ID: 13fec77949428d5a90352ebb86219304
	at org.openqa.selenium.remote.codec.w3c.W3CHttpResponseCodec.createException(W3CHttpResponseCodec.java:200)
	at org.openqa.selenium.remote.codec.w3c.W3CHttpResponseCodec.decode(W3CHttpResponseCodec.java:133)
	at org.openqa.selenium.remote.codec.w3c.W3CHttpResponseCodec.decode(W3CHttpResponseCodec.java:52)
	at org.openqa.selenium.remote.HttpCommandExecutor.execute(HttpCommandExecutor.java:191)
	at org.openqa.selenium.remote.service.DriverCommandExecutor.invokeExecute(DriverCommandExecutor.java:196)
	at org.openqa.selenium.remote.service.DriverCommandExecutor.execute(DriverCommandExecutor.java:171)
	at org.openqa.selenium.remote.RemoteWebDriver.execute(RemoteWebDriver.java:602)
	at org.openqa.selenium.remote.ElementLocation$ElementFinder$2.findElement(ElementLocation.java:165)
	at org.openqa.selenium.remote.ElementLocation.findElement(ElementLocation.java:59)
	at org.openqa.selenium.remote.RemoteWebDriver.findElement(RemoteWebDriver.java:359)
	at org.openqa.selenium.remote.RemoteWebDriver.findElement(RemoteWebDriver.java:353)
	at org.openqa.selenium.support.pagefactory.DefaultElementLocator.findElement(DefaultElementLocator.java:68)
	at org.openqa.selenium.support.pagefactory.internal.LocatingElementHandler.invoke(LocatingElementHandler.java:38)
	at jdk.proxy2/jdk.proxy2.$Proxy16.isSelected(Unknown Source)
	at Pages.WorkProfilesPage.checkCheckBoxJavaScipt(WorkProfilesPage.java:180)
	at Pages.WorkProfilesPage.clickToAddActivityTag(WorkProfilesPage.java:275)
	at test.WorkProfile.WorkProfileForAddingNew.AddingNewWorkProfiles(WorkProfileForAddingNew.java:74)
	at java.base/java.util.ArrayList.forEach(ArrayList.java:1511)
... Removed 32 stack frames</div></td></tr></table><p class="totop"><a href="#summary">back to summary</a></p>
<h3 id="m14">test.WorkProfile.WorkProfilesDeleteWithDependency#cloneOnWorkProfiles</h3><table class="result"><tr><th>Exception</th></tr><tr><td><div class="stacktrace">org.openqa.selenium.NoSuchElementException: no such element: Unable to locate element: {&quot;method&quot;:&quot;link text&quot;,&quot;selector&quot;:&quot;&quot;}
  (Session info: chrome=120.0.6099.227)
For documentation on this error, please visit: https://www.selenium.dev/documentation/webdriver/troubleshooting/errors#no-such-element-exception
Build info: version: &apos;4.13.0&apos;, revision: &apos;ba948ece5b*&apos;
System info: os.name: &apos;Windows 10&apos;, os.arch: &apos;amd64&apos;, os.version: &apos;10.0&apos;, java.version: &apos;17.0.8.1&apos;
Driver info: org.openqa.selenium.chrome.ChromeDriver
Command: [13fec77949428d5a90352ebb86219304, findElement {using=link text, value=}]
Capabilities {acceptInsecureCerts: false, browserName: chrome, browserVersion: 120.0.6099.227, chrome: {chromedriverVersion: 120.0.6099.109 (3419140ab66..., userDataDir: C:\Users\pavana.c\AppData\L...}, fedcm:accounts: true, goog:chromeOptions: {debuggerAddress: localhost:60695}, networkConnectionEnabled: false, pageLoadStrategy: normal, platformName: windows, proxy: Proxy(), se:cdp: ws://localhost:60695/devtoo..., se:cdpVersion: 120.0.6099.227, setWindowRect: true, strictFileInteractability: false, timeouts: {implicit: 0, pageLoad: 300000, script: 30000}, unhandledPromptBehavior: dismiss and notify, webauthn:extension:credBlob: true, webauthn:extension:largeBlob: true, webauthn:extension:minPinLength: true, webauthn:extension:prf: true, webauthn:virtualAuthenticators: true}
Session ID: 13fec77949428d5a90352ebb86219304
	at org.openqa.selenium.remote.codec.w3c.W3CHttpResponseCodec.createException(W3CHttpResponseCodec.java:200)
	at org.openqa.selenium.remote.codec.w3c.W3CHttpResponseCodec.decode(W3CHttpResponseCodec.java:133)
	at org.openqa.selenium.remote.codec.w3c.W3CHttpResponseCodec.decode(W3CHttpResponseCodec.java:52)
	at org.openqa.selenium.remote.HttpCommandExecutor.execute(HttpCommandExecutor.java:191)
	at org.openqa.selenium.remote.service.DriverCommandExecutor.invokeExecute(DriverCommandExecutor.java:196)
	at org.openqa.selenium.remote.service.DriverCommandExecutor.execute(DriverCommandExecutor.java:171)
	at org.openqa.selenium.remote.RemoteWebDriver.execute(RemoteWebDriver.java:602)
	at org.openqa.selenium.remote.ElementLocation$ElementFinder$2.findElement(ElementLocation.java:165)
	at org.openqa.selenium.remote.ElementLocation.findElement(ElementLocation.java:59)
	at org.openqa.selenium.remote.RemoteWebDriver.findElement(RemoteWebDriver.java:359)
	at org.openqa.selenium.remote.RemoteWebDriver.findElement(RemoteWebDriver.java:353)
	at org.openqa.selenium.support.pagefactory.DefaultElementLocator.findElement(DefaultElementLocator.java:68)
	at org.openqa.selenium.support.pagefactory.internal.LocatingElementHandler.invoke(LocatingElementHandler.java:38)
	at jdk.proxy2/jdk.proxy2.$Proxy16.click(Unknown Source)
	at Pages.WorkProfilesPage.clickCloseAggregationPopUp(WorkProfilesPage.java:324)
	at test.WorkProfile.WorkProfilesDeleteWithDependency.cloneOnWorkProfiles(WorkProfilesDeleteWithDependency.java:48)
	at java.base/java.util.ArrayList.forEach(ArrayList.java:1511)
... Removed 32 stack frames</div></td></tr></table><p class="totop"><a href="#summary">back to summary</a></p>
<h3 id="m15">UserRoles.UserRoleExcelValidation#userRoleExcelValidation</h3><table class="result"><tr><th class="invisible"/></tr></table><p class="totop"><a href="#summary">back to summary</a></p>
<h3 id="m16">UserRoles.UserRolePDFValidation#userRolePDFValidation</h3><table class="result"><tr><th class="invisible"/></tr></table><p class="totop"><a href="#summary">back to summary</a></p>
<h3 id="m17">UserRoles.UserRoleSorting#userRoleSorting</h3><table class="result"><tr><th class="invisible"/></tr></table><p class="totop"><a href="#summary">back to summary</a></p>
<h3 id="m18">UserRoles.UserRolesAddNewManager#userRolesAddNewManager</h3><table class="result"><tr><th class="invisible"/></tr></table><p class="totop"><a href="#summary">back to summary</a></p>
<h3 id="m19">UserRoles.UserRolesAddNewManagerDelete#userRolesAddNewManagerDelete</h3><table class="result"><tr><th class="invisible"/></tr></table><p class="totop"><a href="#summary">back to summary</a></p>
<h3 id="m20">UserRoles.UserRolesAddNewMember#userRolesAddNewManager</h3><table class="result"><tr><th class="invisible"/></tr></table><p class="totop"><a href="#summary">back to summary</a></p>
<h3 id="m21">UserRoles.UserRolesAddNewMemberDelete#userRolesAddNewMemberDelete</h3><table class="result"><tr><th class="invisible"/></tr></table><p class="totop"><a href="#summary">back to summary</a></p>
<h3 id="m22">UserRoles.UserRolesBulkUpdate#userRolesBulkUpdate</h3><table class="result"><tr><th class="invisible"/></tr></table><p class="totop"><a href="#summary">back to summary</a></p>
<h3 id="m23">UserRoles.UserRolesBulkUpdateMember#userRolesBulkUpdateMember</h3><table class="result"><tr><th class="invisible"/></tr></table><p class="totop"><a href="#summary">back to summary</a></p>
<h3 id="m24">UserRoles.UserRolesModifyManagerDefineNewActivity#userRolesModifyManagerDefineNewActivity</h3><table class="result"><tr><th class="invisible"/></tr></table><p class="totop"><a href="#summary">back to summary</a></p>
<h3 id="m25">UserRoles.UserRolesModifyManagerDontAllowUserToExportDataPDF2#userRolesModifyManagerDontAllowUserToExportDataPDF2</h3><table class="result"><tr><th class="invisible"/></tr></table><p class="totop"><a href="#summary">back to summary</a></p>
<h3 id="m26">UserRoles.UserRolesModifyManagerDontAllowUserToExportDataXLS#userRolesModifyManagerDontAllowUserToExportDataXLS</h3><table class="result"><tr><th class="invisible"/></tr></table><p class="totop"><a href="#summary">back to summary</a></p>
<h3 id="m27">UserRoles.UserRolesModifyManagerEditActivityRating#userRolesModifyManagerEditActivityRating</h3><table class="result"><tr><th class="invisible"/></tr></table><p class="totop"><a href="#summary">back to summary</a></p>
<h3 id="m28">UserRoles.UserRolesModifyManagerExportDataPermissionAllowUserToMail#userRolesModifyManagerExportDataPermissionAllowUserToMail</h3><table class="result"><tr><th class="invisible"/></tr></table><p class="totop"><a href="#summary">back to summary</a></p>
<h3 id="m29">UserRoles.UserRolesModifyManagerExportDataPermissionNotAllowUserToDemandOnMail#userRolesModifyManagerExportDataPermissionNotAllowUserToDemandOnMail</h3><table class="result"><tr><th class="invisible"/></tr></table><p class="totop"><a href="#summary">back to summary</a></p>
<h3 id="m30">UserRoles.UserRolesModifyManagerHierarchyLevel#userRolesModifyManagerHierarchyLevel</h3><table class="result"><tr><th class="invisible"/></tr></table><p class="totop"><a href="#summary">back to summary</a></p>
<h3 id="m31">UserRoles.UserRolesModifyManagerModuleSelection#userRolesModifyManagerModuleSelection</h3><table class="result"><tr><th class="invisible"/></tr></table><p class="totop"><a href="#summary">back to summary</a></p>
<h3 id="m32">UserRoles.UserRolesModifyManagerToMeber#userRolesModifyManagerToMeber</h3><table class="result"><tr><th class="invisible"/></tr></table><p class="totop"><a href="#summary">back to summary</a></p>
<h3 id="m33">UserRoles.UserRolesModifyMemberHierarchyLevel#userRolesModifyMemberHierarchyLevel</h3><table class="result"><tr><th class="invisible"/></tr></table><p class="totop"><a href="#summary">back to summary</a></p>
<h3 id="m34">UserRoles.UserRolesModifyMemberModuleSelection#userRolesModifyMemberModuleSelection</h3><table class="result"><tr><th class="invisible"/></tr></table><p class="totop"><a href="#summary">back to summary</a></p>
<h3 id="m35">UserRoles.UserRolesModifyMemberToManager#userRolesModifyMemberToManager</h3><table class="result"><tr><th class="invisible"/></tr></table><p class="totop"><a href="#summary">back to summary</a></p>
<h3 id="m36">test.AOS.AOSAddNew#addNewFunction</h3><table class="result"><tr><th class="invisible"/></tr></table><p class="totop"><a href="#summary">back to summary</a></p>
<h3 id="m37">test.AOS.AOSBulkUpload#aosBulkUpload</h3><table class="result"><tr><th class="invisible"/></tr></table><p class="totop"><a href="#summary">back to summary</a></p>
<h3 id="m38">test.AOS.AOSBulkUploadDelete#aosBulkUploadDelete</h3><table class="result"><tr><th class="invisible"/></tr></table><p class="totop"><a href="#summary">back to summary</a></p>
<h3 id="m39">test.AOS.AOSBulkUploadModify#aosBulkUploadModify</h3><table class="result"><tr><th class="invisible"/></tr></table><p class="totop"><a href="#summary">back to summary</a></p>
<h3 id="m40">test.AOS.AOSDeleteFunction#aosDeleteFunction</h3><table class="result"><tr><th class="invisible"/></tr></table><p class="totop"><a href="#summary">back to summary</a></p>
<h3 id="m41">test.AOS.AOSModifyFunction#a0sModifyFunction</h3><table class="result"><tr><th class="invisible"/></tr></table><p class="totop"><a href="#summary">back to summary</a></p>
<h3 id="m42">test.AOS.AOSUnknownApplicationAddingtoCreateNew#aosUnknownApplicationAddingtoCreateNew</h3><table class="result"><tr><th class="invisible"/></tr></table><p class="totop"><a href="#summary">back to summary</a></p>
<h3 id="m43">test.AOS.AOSUnknownApplicationAddingtoCreateNewProcessName#aosUnknownApplicationAddingtoCreateNewProcessName</h3><table class="result"><tr><th class="invisible"/></tr></table><p class="totop"><a href="#summary">back to summary</a></p>
<h3 id="m44">test.AOS.AOSUnknownApplicationAddingtoCreateNewQualifierText#aosUnknownApplicationAddingtoCreateNewQualifierText</h3><table class="result"><tr><th class="invisible"/></tr></table><p class="totop"><a href="#summary">back to summary</a></p>
<h3 id="m45">test.AOS.AOSUnknownApplicationAddingtoExisting#aosUnknownApplicationAddingtoExisting</h3><table class="result"><tr><th class="invisible"/></tr></table><p class="totop"><a href="#summary">back to summary</a></p>
<h3 id="m46">test.AOS.AOSUnknownApplicationAddingtoExistingProcessName#aosUnknownApplicationAddingtoExistingProcessName</h3><table class="result"><tr><th class="invisible"/></tr></table><p class="totop"><a href="#summary">back to summary</a></p>
<h3 id="m47">test.AOS.AOSUnknownApplicationAddingtoExistingQualifierText#aosUnknownApplicationAddingtoExistingQualifierText</h3><table class="result"><tr><th class="invisible"/></tr></table><p class="totop"><a href="#summary">back to summary</a></p>
<h3 id="m48">test.DataAggregation.DataAggregation#aggregationForSingleType</h3><table class="result"><tr><th class="invisible"/></tr></table><p class="totop"><a href="#summary">back to summary</a></p>
<h3 id="m49">test.DataAggregation.DataAggregationForAllType#alltypeValidation</h3><table class="result"><tr><th class="invisible"/></tr></table><p class="totop"><a href="#summary">back to summary</a></p>
<h3 id="m50">test.DataAggregation.DataAggregationForModificationOnSettingsTab#modificationOnSettingsTab</h3><table class="result"><tr><th class="invisible"/></tr></table><p class="totop"><a href="#summary">back to summary</a></p>
<h3 id="m51">test.DataAggregation.DataAggregationForModificationOnSettingsTabForClearButton#modificationOnSettingsTabForClearButton</h3><table class="result"><tr><th class="invisible"/></tr></table><p class="totop"><a href="#summary">back to summary</a></p>
<h3 id="m52">test.UserDomain.UserDomainAddFunction#addNewFunction</h3><table class="result"><tr><th class="invisible"/></tr></table><p class="totop"><a href="#summary">back to summary</a></p>
<h3 id="m53">test.UserDomain.UserDomainDeleteFunction#deleteNewFunction</h3><table class="result"><tr><th class="invisible"/></tr></table><p class="totop"><a href="#summary">back to summary</a></p>
<h3 id="m54">test.UserDomain.UserDomainExcelValidation#excelValidation</h3><table class="result"><tr><th class="invisible"/></tr></table><p class="totop"><a href="#summary">back to summary</a></p>
<h3 id="m55">test.UserDomain.UserDomainModify#modifyFunction</h3><table class="result"><tr><th class="invisible"/></tr></table><p class="totop"><a href="#summary">back to summary</a></p>
<h3 id="m56">test.UserDomain.UserDomainPDFValidation#pdf</h3><table class="result"><tr><th class="invisible"/></tr></table><p class="totop"><a href="#summary">back to summary</a></p>
<h3 id="m57">test.UserDomain.UserDomainSortingFuncton#sortingFunction</h3><table class="result"><tr><th class="invisible"/></tr></table><p class="totop"><a href="#summary">back to summary</a></p>
<h3 id="m58">test.WorkProfile.WorkProfileForDelete#deletionOnWorkProfiles</h3><table class="result"><tr><th class="invisible"/></tr></table><p class="totop"><a href="#summary">back to summary</a></p>
<h3 id="m59">test.WorkProfile.WorkProfileForModification#modificationOnWorkProfiles</h3><table class="result"><tr><th class="invisible"/></tr></table><p class="totop"><a href="#summary">back to summary</a></p>
<h3 id="m60">test.WorkProfile.WorkProfileValidateWithTeams#cloneOnWorkProfiles</h3><table class="result"><tr><th class="invisible"/></tr></table><p class="totop"><a href="#summary">back to summary</a></p>
<h3 id="m61">test.WorkProfile.WorkProfilesDeleteWithDependency#cloneOnWorkProfiles</h3><table class="result"><tr><th class="invisible"/></tr></table><p class="totop"><a href="#summary">back to summary</a></p>
<h3 id="m62">test.WorkProfile.WorkProfilesExcelValidation#cloneOnWorkProfiles</h3><table class="result"><tr><th class="invisible"/></tr></table><p class="totop"><a href="#summary">back to summary</a></p>
<h3 id="m63">test.WorkProfile.WorkProfilesForClone#cloneOnWorkProfiles</h3><table class="result"><tr><th class="invisible"/></tr></table><p class="totop"><a href="#summary">back to summary</a></p>
</body>
</html>
