<?xml version="1.0" encoding="UTF-8"?>
<testng-results ignored="0" total="1" passed="1" failed="0" skipped="0">
  <reporter-output>
  </reporter-output>
  <suite started-at="2024-01-22T10:47:26 IST" name="Default suite" finished-at="2024-01-22T10:47:53 IST" duration-ms="26545">
    <groups>
    </groups>
    <test started-at="2024-01-22T10:47:26 IST" name="Default test" finished-at="2024-01-22T10:47:53 IST" duration-ms="26545">
      <class name="UserRoles.UserRolesBulkUpdateMember">
        <test-method signature="userRolesBulkUpdateMember()[pri:0, instance:UserRoles.UserRolesBulkUpdateMember@3ae9d1e2]" started-at="2024-01-22T10:47:26 IST" name="userRolesBulkUpdateMember" finished-at="2024-01-22T10:47:53 IST" duration-ms="26461" status="PASS">
          <reporter-output>
          </reporter-output>
        </test-method> <!-- userRolesBulkUpdateMember -->
        <test-method is-config="true" signature="teardown()[pri:0, instance:UserRoles.UserRolesBulkUpdateMember@3ae9d1e2]" started-at="2024-01-22T10:47:53 IST" name="teardown" finished-at="2024-01-22T10:47:53 IST" duration-ms="1" status="PASS">
          <reporter-output>
          </reporter-output>
        </test-method> <!-- teardown -->
      </class> <!-- UserRoles.UserRolesBulkUpdateMember -->
    </test> <!-- Default test -->
  </suite> <!-- Default suite -->
</testng-results>
