<?xml version="1.0" encoding="UTF-8"?>
<testng-results ignored="12" total="25" passed="13" failed="0" skipped="0">
  <reporter-output>
  </reporter-output>
  <suite started-at="2023-12-05T17:13:36 IST" name="Suite" finished-at="2023-12-05T17:16:28 IST" duration-ms="171575">
    <groups>
    </groups>
    <test started-at="2023-12-05T17:13:36 IST" name="Test" finished-at="2023-12-05T17:16:28 IST" duration-ms="171575">
      <class name="test.AOSAddNew">
        <test-method signature="addNewFunction()[pri:0, instance:test.AOSAddNew@13da7ab0]" started-at="2023-12-05T17:15:15 IST" name="addNewFunction" finished-at="2023-12-05T17:15:27 IST" duration-ms="12239" status="PASS">
          <reporter-output>
          </reporter-output>
        </test-method> <!-- addNewFunction -->
      </class> <!-- test.AOSAddNew -->
      <class name="test.DataAggregation">
        <test-method signature="aggregationForSingleType()[pri:0, instance:test.DataAggregation@fb6097b]" started-at="2023-12-05T17:16:01 IST" name="aggregationForSingleType" finished-at="2023-12-05T17:16:10 IST" duration-ms="8518" status="PASS">
          <reporter-output>
          </reporter-output>
        </test-method> <!-- aggregationForSingleType -->
      </class> <!-- test.DataAggregation -->
      <class name="test.AOSModifyFunction">
        <test-method signature="a0sModifyFunction()[pri:0, instance:test.AOSModifyFunction@77eb5790]" started-at="2023-12-05T17:15:36 IST" name="a0sModifyFunction" finished-at="2023-12-05T17:15:49 IST" duration-ms="12752" status="PASS">
          <reporter-output>
          </reporter-output>
        </test-method> <!-- a0sModifyFunction -->
      </class> <!-- test.AOSModifyFunction -->
      <class name="test.DataAggregationForModificationOnSettingsTab">
        <test-method signature="modificationOnSettingsTab()[pri:0, instance:test.DataAggregationForModificationOnSettingsTab@1290c49]" started-at="2023-12-05T17:16:19 IST" name="modificationOnSettingsTab" finished-at="2023-12-05T17:16:24 IST" duration-ms="5906" status="PASS">
          <reporter-output>
          </reporter-output>
        </test-method> <!-- modificationOnSettingsTab -->
      </class> <!-- test.DataAggregationForModificationOnSettingsTab -->
      <class name="test.DataAggregationForAllType">
        <test-method signature="alltypeValidation()[pri:0, instance:test.DataAggregationForAllType@2dfe5525]" started-at="2023-12-05T17:16:10 IST" name="alltypeValidation" finished-at="2023-12-05T17:16:19 IST" duration-ms="8560" status="PASS">
          <reporter-output>
          </reporter-output>
        </test-method> <!-- alltypeValidation -->
      </class> <!-- test.DataAggregationForAllType -->
      <class name="test.UserDomainExcelValidation">
        <test-method signature="excelValidation()[pri:0, instance:test.UserDomainExcelValidation@700f518a]" started-at="2023-12-05T17:15:06 IST" name="excelValidation" finished-at="2023-12-05T17:15:15 IST" duration-ms="9221" status="PASS">
          <reporter-output>
          </reporter-output>
        </test-method> <!-- excelValidation -->
      </class> <!-- test.UserDomainExcelValidation -->
      <class name="test.UserDomainModify">
        <test-method signature="modifyFunction()[pri:0, instance:test.UserDomainModify@3901f6af]" started-at="2023-12-05T17:14:35 IST" name="modifyFunction" finished-at="2023-12-05T17:14:45 IST" duration-ms="9768" status="PASS">
          <reporter-output>
          </reporter-output>
        </test-method> <!-- modifyFunction -->
      </class> <!-- test.UserDomainModify -->
      <class name="test.UserDomainDeleteFunction">
        <test-method signature="deleteNewFunction()[pri:0, instance:test.UserDomainDeleteFunction@602ae7b6]" started-at="2023-12-05T17:14:45 IST" name="deleteNewFunction" finished-at="2023-12-05T17:14:55 IST" duration-ms="9674" status="PASS">
          <reporter-output>
          </reporter-output>
        </test-method> <!-- deleteNewFunction -->
      </class> <!-- test.UserDomainDeleteFunction -->
      <class name="test.UserDomainAddFunction">
        <test-method signature="addNewFunction()[pri:0, instance:test.UserDomainAddFunction@2eadc9f6]" started-at="2023-12-05T17:13:36 IST" name="addNewFunction" finished-at="2023-12-05T17:14:35 IST" duration-ms="59016" status="PASS">
          <reporter-output>
          </reporter-output>
        </test-method> <!-- addNewFunction -->
        <test-method is-config="true" signature="teardown()[pri:0, instance:test.UserDomainAddFunction@2eadc9f6]" started-at="2023-12-05T17:16:28 IST" name="teardown" finished-at="2023-12-05T17:16:28 IST" duration-ms="249" status="PASS">
          <reporter-output>
          </reporter-output>
        </test-method> <!-- teardown -->
      </class> <!-- test.UserDomainAddFunction -->
      <class name="test.AOSDeleteFunction">
        <test-method signature="aosDeleteFunction()[pri:0, instance:test.AOSDeleteFunction@68e7c8c3]" started-at="2023-12-05T17:15:49 IST" name="aosDeleteFunction" finished-at="2023-12-05T17:16:01 IST" duration-ms="12438" status="PASS">
          <reporter-output>
          </reporter-output>
        </test-method> <!-- aosDeleteFunction -->
      </class> <!-- test.AOSDeleteFunction -->
      <class name="test.UserDomainSortingFuncton">
        <test-method signature="sortingFunction()[pri:0, instance:test.UserDomainSortingFuncton@10cd6753]" started-at="2023-12-05T17:14:55 IST" name="sortingFunction" finished-at="2023-12-05T17:15:06 IST" duration-ms="10735" status="PASS">
          <reporter-output>
          </reporter-output>
        </test-method> <!-- sortingFunction -->
      </class> <!-- test.UserDomainSortingFuncton -->
      <class name="test.DataAggregationForModificationOnSettingsTabForClearButton">
        <test-method signature="modificationOnSettingsTabForClearButton()[pri:0, instance:test.DataAggregationForModificationOnSettingsTabForClearButton@6a9b9909]" started-at="2023-12-05T17:16:24 IST" name="modificationOnSettingsTabForClearButton" finished-at="2023-12-05T17:16:28 IST" duration-ms="3137" status="PASS">
          <reporter-output>
          </reporter-output>
        </test-method> <!-- modificationOnSettingsTabForClearButton -->
      </class> <!-- test.DataAggregationForModificationOnSettingsTabForClearButton -->
      <class name="test.UserDomainPDFValidation">
        <test-method signature="pdf()[pri:0, instance:test.UserDomainPDFValidation@2c8662ac]" started-at="2023-12-05T17:15:27 IST" name="pdf" finished-at="2023-12-05T17:15:36 IST" duration-ms="9281" status="PASS">
          <reporter-output>
          </reporter-output>
        </test-method> <!-- pdf -->
      </class> <!-- test.UserDomainPDFValidation -->
    </test> <!-- Test -->
  </suite> <!-- Suite -->
</testng-results>
